2024-11-07 14:05:38,136 INFO: Fetching sheets with search term: odoo [in C:\Users\m\Desktop\web-based excel\custom-excel-app\backend\app.py:123]
2024-11-07 14:05:39,021 INFO: Fetching sheets with search term: odo [in C:\Users\m\Desktop\web-based excel\custom-excel-app\backend\app.py:123]
2024-11-07 14:05:39,146 INFO: Fetching sheets with search term: od [in C:\Users\m\Desktop\web-based excel\custom-excel-app\backend\app.py:123]
2024-11-07 14:05:39,259 INFO: Fetching sheets with search term: o [in C:\Users\m\Desktop\web-based excel\custom-excel-app\backend\app.py:123]
2024-11-07 14:05:39,366 INFO: Fetching sheets with search term:  [in C:\Users\m\Desktop\web-based excel\custom-excel-app\backend\app.py:123]
2024-11-07 14:05:39,934 INFO: Fetching sheets with search term: m [in C:\Users\m\Desktop\web-based excel\custom-excel-app\backend\app.py:123]
2024-11-07 14:05:40,106 INFO: Fetching sheets with search term: ma [in C:\Users\m\Desktop\web-based excel\custom-excel-app\backend\app.py:123]
2024-11-07 14:05:40,218 INFO: Fetching sheets with search term: mal [in C:\Users\m\Desktop\web-based excel\custom-excel-app\backend\app.py:123]
2024-11-07 14:05:40,356 INFO: Fetching sheets with search term: mali [in C:\Users\m\Desktop\web-based excel\custom-excel-app\backend\app.py:123]
2024-11-07 14:05:40,475 INFO: Fetching sheets with search term: malik [in C:\Users\m\Desktop\web-based excel\custom-excel-app\backend\app.py:123]
2024-11-07 14:05:41,071 INFO: Fetching sheets with search term: mali [in C:\Users\m\Desktop\web-based excel\custom-excel-app\backend\app.py:123]
2024-11-07 14:05:41,197 INFO: Fetching sheets with search term: mal [in C:\Users\m\Desktop\web-based excel\custom-excel-app\backend\app.py:123]
2024-11-07 14:05:41,299 INFO: Fetching sheets with search term: ma [in C:\Users\m\Desktop\web-based excel\custom-excel-app\backend\app.py:123]
2024-11-07 14:05:41,403 INFO: Fetching sheets with search term: m [in C:\Users\m\Desktop\web-based excel\custom-excel-app\backend\app.py:123]
2024-11-07 14:05:41,504 INFO: Fetching sheets with search term:  [in C:\Users\m\Desktop\web-based excel\custom-excel-app\backend\app.py:123]
2024-11-07 14:05:55,459 INFO: Fetching sheets with search term:  [in C:\Users\m\Desktop\web-based excel\custom-excel-app\backend\app.py:123]
2024-11-07 14:05:55,466 INFO: Fetching sheets with search term:  [in C:\Users\m\Desktop\web-based excel\custom-excel-app\backend\app.py:123]
2024-11-07 14:05:55,478 INFO: Fetching sheets with search term:  [in C:\Users\m\Desktop\web-based excel\custom-excel-app\backend\app.py:123]
2024-11-07 14:05:55,493 INFO: Fetching sheets with search term:  [in C:\Users\m\Desktop\web-based excel\custom-excel-app\backend\app.py:123]
2024-11-07 14:05:59,364 INFO: Fetching sheets with search term:  [in C:\Users\m\Desktop\web-based excel\custom-excel-app\backend\app.py:123]
2024-11-07 14:05:59,371 INFO: Fetching sheets with search term:  [in C:\Users\m\Desktop\web-based excel\custom-excel-app\backend\app.py:123]
2024-11-07 14:05:59,379 INFO: Fetching sheets with search term:  [in C:\Users\m\Desktop\web-based excel\custom-excel-app\backend\app.py:123]
2024-11-07 14:05:59,386 INFO: Fetching sheets with search term:  [in C:\Users\m\Desktop\web-based excel\custom-excel-app\backend\app.py:123]
