2024-11-18 08:39:05,861 INFO: Sheet created successfully with ID: 42 [in /mnt/c/Users/m/Desktop/web-based excel/custom-excel-app/backend/app.py:161]
2024-11-18 08:39:06,003 INFO: Fetching sheets with search term:  [in /mnt/c/Users/m/Desktop/web-based excel/custom-excel-app/backend/app.py:101]
2024-11-18 09:08:27,061 ERROR: Error deleting row: type object 'Sheet' has no attribute 'timestamp'
Traceback (most recent call last):
  File "/mnt/c/Users/m/Desktop/web-based excel/custom-excel-app/backend/app.py", line 240, in delete_row
    latest_sheet = Sheet.query.order_by(Sheet.timestamp.desc()).first()
                                        ^^^^^^^^^^^^^^^
AttributeError: type object 'Sheet' has no attribute 'timestamp'
 [in /mnt/c/Users/m/Desktop/web-based excel/custom-excel-app/backend/app.py:285]
2024-11-18 12:00:32,499 INFO: Fetching sheets with search term:  [in /mnt/c/Users/m/Desktop/web-based excel/custom-excel-app/backend/app.py:101]
2024-11-18 12:00:32,637 INFO: Fetching sheets with search term:  [in /mnt/c/Users/m/Desktop/web-based excel/custom-excel-app/backend/app.py:101]
2024-11-18 12:00:32,647 INFO: Fetching sheets with search term:  [in /mnt/c/Users/m/Desktop/web-based excel/custom-excel-app/backend/app.py:101]
2024-11-18 12:00:32,662 INFO: Fetching sheets with search term:  [in /mnt/c/Users/m/Desktop/web-based excel/custom-excel-app/backend/app.py:101]
2024-11-18 12:03:37,575 INFO: Fetching sheets with search term:  [in /mnt/c/Users/m/Desktop/web-based excel/custom-excel-app/backend/app.py:101]
2024-11-18 12:03:38,503 INFO: Fetching sheets with search term:  [in /mnt/c/Users/m/Desktop/web-based excel/custom-excel-app/backend/app.py:101]
2024-11-18 12:03:38,516 INFO: Fetching sheets with search term:  [in /mnt/c/Users/m/Desktop/web-based excel/custom-excel-app/backend/app.py:101]
2024-11-18 12:03:38,525 INFO: Fetching sheets with search term:  [in /mnt/c/Users/m/Desktop/web-based excel/custom-excel-app/backend/app.py:101]
2024-11-18 12:22:53,424 INFO: Fetching sheets with search term:  [in /mnt/c/Users/m/Desktop/web-based excel/custom-excel-app/backend/app.py:101]
2024-11-18 12:22:53,529 INFO: Fetching sheets with search term:  [in /mnt/c/Users/m/Desktop/web-based excel/custom-excel-app/backend/app.py:101]
2024-11-18 12:22:53,547 INFO: Fetching sheets with search term:  [in /mnt/c/Users/m/Desktop/web-based excel/custom-excel-app/backend/app.py:101]
2024-11-18 12:22:53,563 INFO: Fetching sheets with search term:  [in /mnt/c/Users/m/Desktop/web-based excel/custom-excel-app/backend/app.py:101]
2024-11-18 12:23:03,596 INFO: Received sheet creation request: {'name': "Mali's Sheet", 'description': ''} [in /mnt/c/Users/m/Desktop/web-based excel/custom-excel-app/backend/app.py:135]
2024-11-18 12:23:03,844 INFO: Sheet created successfully with ID: 43 [in /mnt/c/Users/m/Desktop/web-based excel/custom-excel-app/backend/app.py:161]
2024-11-18 12:23:03,856 INFO: Fetching sheets with search term:  [in /mnt/c/Users/m/Desktop/web-based excel/custom-excel-app/backend/app.py:101]
2024-11-18 12:28:22,199 INFO: Fetching sheets with search term:  [in /mnt/c/Users/m/Desktop/web-based excel/custom-excel-app/backend/app.py:101]
2024-11-18 12:28:22,268 INFO: Fetching sheets with search term:  [in /mnt/c/Users/m/Desktop/web-based excel/custom-excel-app/backend/app.py:101]
2024-11-18 12:28:22,286 INFO: Fetching sheets with search term:  [in /mnt/c/Users/m/Desktop/web-based excel/custom-excel-app/backend/app.py:101]
2024-11-18 12:28:22,302 INFO: Fetching sheets with search term:  [in /mnt/c/Users/m/Desktop/web-based excel/custom-excel-app/backend/app.py:101]
2024-11-18 13:01:34,965 INFO: Fetching sheets with search term:  [in /mnt/c/Users/m/Desktop/web-based excel/custom-excel-app/backend/app.py:101]
2024-11-18 13:01:34,992 INFO: Fetching sheets with search term:  [in /mnt/c/Users/m/Desktop/web-based excel/custom-excel-app/backend/app.py:101]
2024-11-18 13:01:35,002 INFO: Fetching sheets with search term:  [in /mnt/c/Users/m/Desktop/web-based excel/custom-excel-app/backend/app.py:101]
2024-11-18 13:01:35,013 INFO: Fetching sheets with search term:  [in /mnt/c/Users/m/Desktop/web-based excel/custom-excel-app/backend/app.py:101]
2024-11-18 13:01:43,933 INFO: Received sheet creation request: {'name': 'test1', 'description': ''} [in /mnt/c/Users/m/Desktop/web-based excel/custom-excel-app/backend/app.py:135]
2024-11-18 13:01:43,968 INFO: Sheet created successfully with ID: 44 [in /mnt/c/Users/m/Desktop/web-based excel/custom-excel-app/backend/app.py:161]
2024-11-18 13:01:43,980 INFO: Fetching sheets with search term:  [in /mnt/c/Users/m/Desktop/web-based excel/custom-excel-app/backend/app.py:101]
2024-11-18 13:28:18,407 INFO: Fetching sheets with search term:  [in /mnt/c/Users/m/Desktop/web-based excel/custom-excel-app/backend/app.py:101]
2024-11-18 13:28:18,433 INFO: Fetching sheets with search term:  [in /mnt/c/Users/m/Desktop/web-based excel/custom-excel-app/backend/app.py:101]
2024-11-18 13:28:18,441 INFO: Fetching sheets with search term:  [in /mnt/c/Users/m/Desktop/web-based excel/custom-excel-app/backend/app.py:101]
2024-11-18 13:28:18,451 INFO: Fetching sheets with search term:  [in /mnt/c/Users/m/Desktop/web-based excel/custom-excel-app/backend/app.py:101]
2024-11-18 13:38:17,875 ERROR: Error deleting row: type object 'Sheet' has no attribute 'timestamp'
Traceback (most recent call last):
  File "/mnt/c/Users/m/Desktop/web-based excel/custom-excel-app/backend/app.py", line 240, in delete_row
    latest_sheet = Sheet.query.order_by(Sheet.timestamp.desc()).first()
                                        ^^^^^^^^^^^^^^^
AttributeError: type object 'Sheet' has no attribute 'timestamp'
 [in /mnt/c/Users/m/Desktop/web-based excel/custom-excel-app/backend/app.py:285]
2024-11-18 13:38:22,549 ERROR: Error deleting row: type object 'Sheet' has no attribute 'timestamp'
Traceback (most recent call last):
  File "/mnt/c/Users/m/Desktop/web-based excel/custom-excel-app/backend/app.py", line 240, in delete_row
    latest_sheet = Sheet.query.order_by(Sheet.timestamp.desc()).first()
                                        ^^^^^^^^^^^^^^^
AttributeError: type object 'Sheet' has no attribute 'timestamp'
 [in /mnt/c/Users/m/Desktop/web-based excel/custom-excel-app/backend/app.py:285]
2024-11-18 13:45:36,645 ERROR: Error deleting row: type object 'Sheet' has no attribute 'timestamp'
Traceback (most recent call last):
  File "/mnt/c/Users/m/Desktop/web-based excel/custom-excel-app/backend/app.py", line 240, in delete_row
    latest_sheet = Sheet.query.order_by(Sheet.timestamp.desc()).first()
                                        ^^^^^^^^^^^^^^^
AttributeError: type object 'Sheet' has no attribute 'timestamp'
 [in /mnt/c/Users/m/Desktop/web-based excel/custom-excel-app/backend/app.py:285]
2024-11-18 13:45:39,672 ERROR: Error deleting row: type object 'Sheet' has no attribute 'timestamp'
Traceback (most recent call last):
  File "/mnt/c/Users/m/Desktop/web-based excel/custom-excel-app/backend/app.py", line 240, in delete_row
    latest_sheet = Sheet.query.order_by(Sheet.timestamp.desc()).first()
                                        ^^^^^^^^^^^^^^^
AttributeError: type object 'Sheet' has no attribute 'timestamp'
 [in /mnt/c/Users/m/Desktop/web-based excel/custom-excel-app/backend/app.py:285]
